<?xml version="1.0" encoding="UTF-8"?>
<!-- Generated by org.testng.reporters.JUnitReportReporter -->
<testsuite skipped="0" hostname="HDLRADIMULAM" name="com.dxt.test1.mavendemo" tests="2" failures="0" timestamp="02 Jun 2020 16:06:08 GMT" time="0.025" errors="0">
  <testcase name="sub" time="0.022" classname="com.dxt.test1.mavendemo"/>
  <testcase name="sum" time="0.003" classname="com.dxt.test1.mavendemo"/>
</testsuite> <!-- com.dxt.test1.mavendemo -->
